<?xml version="1.0" encoding="UTF-8"?>
<!-- Generated by org.testng.reporters.JUnitXMLReporter -->
<testsuite hostname="ashishwadhwa-PC" name="Test 1(failed)(failed)" tests="1" failures="1" timestamp="19 May 2019 13:37:56 GMT" time="13.224" errors="0">
  <testcase name="testFrameRight" time="0.03" classname="Module9_TestNG.HeroKUAppFrames">
    <failure type="org.openqa.selenium.NoSuchFrameException" message="no such frame
  (Session info: chrome=74.0.3729.157)
  (Driver info: chromedriver=72.0.3626.69 (3c16f8a135abc0d4da2dff33804db79b849a7c38),platform=Windows NT 6.1.7601 SP1 x86_64) (WARNING: The server did not provide any stacktrace information)
Command duration or timeout: 10 milliseconds
Build info: version: &amp;apos;2.53.1&amp;apos;, revision: &amp;apos;a36b8b1&amp;apos;, time: &amp;apos;2016-06-30 17:32:46&amp;apos;
System info: host: &amp;apos;ashishwadhwa-PC&amp;apos;, ip: &amp;apos;192.168.1.7&amp;apos;, os.name: &amp;apos;Windows 7&amp;apos;, os.arch: &amp;apos;x86&amp;apos;, os.version: &amp;apos;6.1&amp;apos;, java.version: &amp;apos;1.8.0_201&amp;apos;
Driver info: org.openqa.selenium.chrome.ChromeDriver
Capabilities [{mobileEmulationEnabled=false, timeouts={implicit=0, pageLoad=300000, script=30000}, hasTouchScreen=false, platform=XP, acceptSslCerts=false, goog:chromeOptions={debuggerAddress=localhost:51788}, acceptInsecureCerts=false, webStorageEnabled=true, browserName=chrome, takesScreenshot=true, javascriptEnabled=true, setWindowRect=true, unexpectedAlertBehaviour=ignore, applicationCacheEnabled=false, rotatable=false, networkConnectionEnabled=false, chrome={chromedriverVersion=72.0.3626.69 (3c16f8a135abc0d4da2dff33804db79b849a7c38), userDataDir=C:\Users\ASHISH~1\AppData\Local\Temp\scoped_dir4048_19357}, takesHeapSnapshot=true, pageLoadStrategy=normal, databaseEnabled=false, handlesAlerts=true, version=74.0.3729.157, browserConnectionEnabled=false, proxy={}, nativeEvents=true, locationContextEnabled=true, cssSelectorsEnabled=true}]
Session ID: f69425f7e91ac22520d5dbfa2fe96c4c">
      <![CDATA[org.openqa.selenium.NoSuchFrameException: no such frame
  (Session info: chrome=74.0.3729.157)
  (Driver info: chromedriver=72.0.3626.69 (3c16f8a135abc0d4da2dff33804db79b849a7c38),platform=Windows NT 6.1.7601 SP1 x86_64) (WARNING: The server did not provide any stacktrace information)
Command duration or timeout: 10 milliseconds
Build info: version: '2.53.1', revision: 'a36b8b1', time: '2016-06-30 17:32:46'
System info: host: 'ashishwadhwa-PC', ip: '192.168.1.7', os.name: 'Windows 7', os.arch: 'x86', os.version: '6.1', java.version: '1.8.0_201'
Driver info: org.openqa.selenium.chrome.ChromeDriver
Capabilities [{mobileEmulationEnabled=false, timeouts={implicit=0, pageLoad=300000, script=30000}, hasTouchScreen=false, platform=XP, acceptSslCerts=false, goog:chromeOptions={debuggerAddress=localhost:51788}, acceptInsecureCerts=false, webStorageEnabled=true, browserName=chrome, takesScreenshot=true, javascriptEnabled=true, setWindowRect=true, unexpectedAlertBehaviour=ignore, applicationCacheEnabled=false, rotatable=false, networkConnectionEnabled=false, chrome={chromedriverVersion=72.0.3626.69 (3c16f8a135abc0d4da2dff33804db79b849a7c38), userDataDir=C:\Users\ASHISH~1\AppData\Local\Temp\scoped_dir4048_19357}, takesHeapSnapshot=true, pageLoadStrategy=normal, databaseEnabled=false, handlesAlerts=true, version=74.0.3729.157, browserConnectionEnabled=false, proxy={}, nativeEvents=true, locationContextEnabled=true, cssSelectorsEnabled=true}]
Session ID: f69425f7e91ac22520d5dbfa2fe96c4c
	at org.openqa.selenium.remote.ErrorHandler.createThrowable(ErrorHandler.java:206)
	at org.openqa.selenium.remote.ErrorHandler.throwIfResponseFailed(ErrorHandler.java:158)
	at org.openqa.selenium.remote.RemoteWebDriver.execute(RemoteWebDriver.java:678)
	at org.openqa.selenium.remote.RemoteWebDriver$RemoteTargetLocator.frame(RemoteWebDriver.java:984)
	at Module9_TestNG.HeroKUAppFrames.testFrameRight(HeroKUAppFrames.java:75)
... Removed 28 stack frames]]>
    </failure>
  </testcase> <!-- testFrameRight -->
</testsuite> <!-- Test 1(failed)(failed) -->
