<?xml version="1.0" encoding="UTF-8"?>
<testng-results skipped="0" failed="0" total="2" passed="2">
  <reporter-output>
  </reporter-output>
  <suite name="Default suite" duration-ms="40930" started-at="2019-10-24T05:36:25Z" finished-at="2019-10-24T05:37:06Z">
    <groups>
    </groups>
    <test name="Default test" duration-ms="40930" started-at="2019-10-24T05:36:25Z" finished-at="2019-10-24T05:37:06Z">
      <class name="Module9_TestNG.HeroKUAppHovers_DataProvider">
        <test-method status="PASS" signature="setPrerequisitesforTestNG()[pri:0, instance:Module9_TestNG.HeroKUAppHovers_DataProvider@12f41634]" name="setPrerequisitesforTestNG" is-config="true" duration-ms="22" started-at="2019-10-24T16:36:25Z" finished-at="2019-10-24T16:36:25Z">
          <reporter-output>
          </reporter-output>
        </test-method> <!-- setPrerequisitesforTestNG -->
        <test-method status="PASS" signature="InvokeHeroInternetAppInChrome()[pri:0, instance:Module9_TestNG.HeroKUAppHovers_DataProvider@12f41634]" name="InvokeHeroInternetAppInChrome" is-config="true" duration-ms="9505" started-at="2019-10-24T16:36:25Z" finished-at="2019-10-24T16:36:35Z">
          <reporter-output>
          </reporter-output>
        </test-method> <!-- InvokeHeroInternetAppInChrome -->
        <test-method status="PASS" signature="clickHoversLink()[pri:0, instance:Module9_TestNG.HeroKUAppHovers_DataProvider@12f41634]" name="clickHoversLink" is-config="true" duration-ms="1751" started-at="2019-10-24T16:36:36Z" finished-at="2019-10-24T16:36:38Z">
          <reporter-output>
          </reporter-output>
        </test-method> <!-- clickHoversLink -->
        <test-method status="PASS" signature="validateOnMouseHover(java.lang.String, java.lang.String, java.lang.String)[pri:0, instance:Module9_TestNG.HeroKUAppHovers_DataProvider@12f41634]" name="validateOnMouseHover" duration-ms="2386" started-at="2019-10-24T16:36:38Z" data-provider="returnDataThroughDataProvider" finished-at="2019-10-24T16:36:40Z">
          <params>
            <param index="0">
              <value>
                <![CDATA[TC1]]>
              </value>
            </param>
            <param index="1">
              <value>
                <![CDATA[Y]]>
              </value>
            </param>
            <param index="2">
              <value>
                <![CDATA[1]]>
              </value>
            </param>
          </params>
          <reporter-output>
          </reporter-output>
        </test-method> <!-- validateOnMouseHover -->
        <test-method status="PASS" signature="saveExtentReport()[pri:0, instance:Module9_TestNG.HeroKUAppHovers_DataProvider@12f41634]" name="saveExtentReport" is-config="true" duration-ms="405" started-at="2019-10-24T16:36:40Z" finished-at="2019-10-24T16:36:40Z">
          <reporter-output>
          </reporter-output>
        </test-method> <!-- saveExtentReport -->
        <test-method status="PASS" signature="clickHoversLink()[pri:0, instance:Module9_TestNG.HeroKUAppHovers_DataProvider@12f41634]" name="clickHoversLink" is-config="true" duration-ms="20166" started-at="2019-10-24T16:36:40Z" finished-at="2019-10-24T16:37:01Z">
          <reporter-output>
          </reporter-output>
        </test-method> <!-- clickHoversLink -->
        <test-method status="PASS" signature="validateOnMouseHover(java.lang.String, java.lang.String, java.lang.String)[pri:0, instance:Module9_TestNG.HeroKUAppHovers_DataProvider@12f41634]" name="validateOnMouseHover" duration-ms="2358" started-at="2019-10-24T16:37:01Z" data-provider="returnDataThroughDataProvider" finished-at="2019-10-24T16:37:03Z">
          <params>
            <param index="0">
              <value>
                <![CDATA[TC2]]>
              </value>
            </param>
            <param index="1">
              <value>
                <![CDATA[Y]]>
              </value>
            </param>
            <param index="2">
              <value>
                <![CDATA[2]]>
              </value>
            </param>
          </params>
          <reporter-output>
          </reporter-output>
        </test-method> <!-- validateOnMouseHover -->
        <test-method status="PASS" signature="saveExtentReport()[pri:0, instance:Module9_TestNG.HeroKUAppHovers_DataProvider@12f41634]" name="saveExtentReport" is-config="true" duration-ms="83" started-at="2019-10-24T16:37:03Z" finished-at="2019-10-24T16:37:03Z">
          <reporter-output>
          </reporter-output>
        </test-method> <!-- saveExtentReport -->
        <test-method status="PASS" signature="AfterClassInheritanceTest()[pri:0, instance:Module9_TestNG.HeroKUAppHovers_DataProvider@12f41634]" name="AfterClassInheritanceTest" is-config="true" duration-ms="3110" started-at="2019-10-24T16:37:03Z" finished-at="2019-10-24T16:37:06Z">
          <reporter-output>
          </reporter-output>
        </test-method> <!-- AfterClassInheritanceTest -->
        <test-method status="PASS" signature="afterTest()[pri:0, instance:Module9_TestNG.HeroKUAppHovers_DataProvider@12f41634]" name="afterTest" is-config="true" duration-ms="0" started-at="2019-10-24T16:37:06Z" finished-at="2019-10-24T16:37:06Z">
          <reporter-output>
          </reporter-output>
        </test-method> <!-- afterTest -->
      </class> <!-- Module9_TestNG.HeroKUAppHovers_DataProvider -->
    </test> <!-- Default test -->
  </suite> <!-- Default suite -->
</testng-results>
